Using pre-set license

 COMMAND LINE ARGUMENTS:
/Applications/Unity/Unity.app/Contents/MacOS/Unity
-adb2
-batchMode
-noUpm
-name
AssetImportWorker0
-projectPath
/Users/vanessalam/Documents/GitHub/many-to-one/Many-to-one/SimpleServer_Nodejs_Unity/SimpleServer_Client
-logFile
Logs/AssetImportWorker0.log
-srvPort
63658
Successfully changed project path to: /Users/vanessalam/Documents/GitHub/many-to-one/Many-to-one/SimpleServer_Nodejs_Unity/SimpleServer_Client
/Users/vanessalam/Documents/GitHub/many-to-one/Many-to-one/SimpleServer_Nodejs_Unity/SimpleServer_Client
Using Asset Import Pipeline V2.
Refreshing native plugins compatible for Editor in 25.93 ms, found 2 plugins.
Preloading 0 native plugins for Editor in 0.00 ms.
Initialize engine version: 2020.3.14f1 (d0d1bb862f9d)
[Subsystems] Discovering subsystems at path /Applications/Unity/Unity.app/Contents/Resources/UnitySubsystems
[Subsystems] Discovering subsystems at path /Users/vanessalam/Documents/GitHub/many-to-one/Many-to-one/SimpleServer_Nodejs_Unity/SimpleServer_Client/Assets
GfxDevice: creating device client; threaded=0
2021-07-21 18:12:44.203 Unity[55371:3435974] (null) preferred device: Apple M1 (high power)
2021-07-21 18:12:44.203 Unity[55371:3435974] Metal devices available: 1
2021-07-21 18:12:44.203 Unity[55371:3435974] 0: Apple M1 (high power)
2021-07-21 18:12:44.203 Unity[55371:3435974] Using device Apple M1 (high power)
Initializing Metal device caps: Apple M1
Initialize mono
Mono path[0] = '/Applications/Unity/Unity.app/Contents/Managed'
Mono path[1] = '/Applications/Unity/Unity.app/Contents/MonoBleedingEdge/lib/mono/unityjit'
Mono config path = '/Applications/Unity/Unity.app/Contents/MonoBleedingEdge/etc'
Using monoOptions --debugger-agent=transport=dt_socket,embedding=1,server=y,suspend=n,address=127.0.0.1:56371
Begin MonoManager ReloadAssembly
Error scanning for extension ivy.xml files: System.UnauthorizedAccessException: Access to the path '/Applications/Unity/PlaybackEngines/WebGLSupport/BuildTools/Emscripten_Mac/node' is denied.
  at System.IO.__Error.WinIOError (System.Int32 errorCode, System.String maybeFullPath) [0x00129] in <695d1cc93cca45069c528c15c9fdd749>:0 
  at System.IO.FileSystemEnumerableIterator`1[TSource].HandleError (System.Int32 hr, System.String path) [0x00006] in <695d1cc93cca45069c528c15c9fdd749>:0 
  at System.IO.FileSystemEnumerableIterator`1[TSource].AddSearchableDirsToStack (System.IO.Directory+SearchData localSearchData) [0x00053] in <695d1cc93cca45069c528c15c9fdd749>:0 
  at System.IO.FileSystemEnumerableIterator`1[TSource].MoveNext () [0x0008e] in <695d1cc93cca45069c528c15c9fdd749>:0 
  at System.Collections.Generic.List`1[T]..ctor (System.Collections.Generic.IEnumerable`1[T] collection) [0x00077] in <695d1cc93cca45069c528c15c9fdd749>:0 
  at System.IO.Directory.InternalGetFileDirectoryNames (System.String path, System.String userPathOriginal, System.String searchPattern, System.Boolean includeFiles, System.Boolean includeDirs, System.IO.SearchOption searchOption, System.Boolean checkHost) [0x0000f] in <695d1cc93cca45069c528c15c9fdd749>:0 
  at System.IO.Directory.InternalGetFiles (System.String path, System.String searchPattern, System.IO.SearchOption searchOption) [0x00000] in <695d1cc93cca45069c528c15c9fdd749>:0 
  at System.IO.Directory.GetFiles (System.String path, System.String searchPattern, System.IO.SearchOption searchOption) [0x00038] in <695d1cc93cca45069c528c15c9fdd749>:0 
  at UnityEditor.Modules.ModuleManager.LoadLegacyExtensionsFromIvyFiles () [0x000a5] in /Users/bokken/buildslave/unity/build/Editor/Mono/Modules/ModuleManager.cs:253 
Registering precompiled unity dll's ...
Register platform support module: /Applications/Unity/PlaybackEngines/WebGLSupport/UnityEditor.WebGL.Extensions.dll
Register platform support module: /Applications/Unity/Unity.app/Contents/PlaybackEngines/MacStandaloneSupport/UnityEditor.OSXStandalone.Extensions.dll
Registered in 0.001798 seconds.
Native extension for OSXStandalone target not found
Native extension for WebGL target not found
Refreshing native plugins compatible for Editor in 25.23 ms, found 2 plugins.
Preloading 0 native plugins for Editor in 0.00 ms.
Mono: successfully reloaded assembly
- Completed reload, in  2.166 seconds
Domain Reload Profiling:
	ReloadAssembly (2166ms)
		BeginReloadAssembly (77ms)
			ExecutionOrderSort (0ms)
			DisableScriptedObjects (0ms)
			BackupInstance (0ms)
			ReleaseScriptingObjects (0ms)
			CreateAndSetChildDomain (2ms)
		EndReloadAssembly (1085ms)
			LoadAssemblies (76ms)
			RebuildTransferFunctionScriptingTraits (0ms)
			SetupTypeCache (184ms)
			ReleaseScriptCaches (0ms)
			RebuildScriptCaches (43ms)
			SetupLoadedEditorAssemblies (574ms)
				LogAssemblyErrors (0ms)
				InitializePlatformSupportModulesInManaged (17ms)
				SetLoadedEditorAssemblies (0ms)
				RefreshPlugins (25ms)
				BeforeProcessingInitializeOnLoad (82ms)
				ProcessInitializeOnLoadAttributes (345ms)
				ProcessInitializeOnLoadMethodAttributes (104ms)
				AfterProcessingInitializeOnLoad (0ms)
				EditorAssembliesLoaded (1ms)
			ExecutionOrderSort2 (0ms)
			AwakeInstancesAfterBackupRestoration (0ms)
Platform modules already initialized, skipping
Registering precompiled user dll's ...
Registered in 0.004180 seconds.
Begin MonoManager ReloadAssembly
Native extension for OSXStandalone target not found
Native extension for WebGL target not found
Refreshing native plugins compatible for Editor in 0.42 ms, found 2 plugins.
Preloading 0 native plugins for Editor in 0.00 ms.
Mono: successfully reloaded assembly
- Completed reload, in  2.879 seconds
Domain Reload Profiling:
	ReloadAssembly (2880ms)
		BeginReloadAssembly (298ms)
			ExecutionOrderSort (0ms)
			DisableScriptedObjects (31ms)
			BackupInstance (0ms)
			ReleaseScriptingObjects (0ms)
			CreateAndSetChildDomain (52ms)
		EndReloadAssembly (2477ms)
			LoadAssemblies (225ms)
			RebuildTransferFunctionScriptingTraits (0ms)
			SetupTypeCache (320ms)
			ReleaseScriptCaches (0ms)
			RebuildScriptCaches (65ms)
			SetupLoadedEditorAssemblies (1445ms)
				LogAssemblyErrors (0ms)
				InitializePlatformSupportModulesInManaged (36ms)
				SetLoadedEditorAssemblies (2ms)
				RefreshPlugins (0ms)
				BeforeProcessingInitializeOnLoad (397ms)
				ProcessInitializeOnLoadAttributes (989ms)
				ProcessInitializeOnLoadMethodAttributes (19ms)
				AfterProcessingInitializeOnLoad (1ms)
				EditorAssembliesLoaded (1ms)
			ExecutionOrderSort2 (0ms)
			AwakeInstancesAfterBackupRestoration (46ms)
Platform modules already initialized, skipping
========================================================================
Worker process is ready to serve import requests
Launching external process: /Applications/Unity/Unity.app/Contents/Tools/UnityShaderCompiler
Launched and connected shader compiler UnityShaderCompiler after 0.03 seconds
Refreshing native plugins compatible for Editor in 0.25 ms, found 2 plugins.
Preloading 0 native plugins for Editor in 0.00 ms.
Unloading 1392 Unused Serialized files (Serialized files now loaded: 0)
System memory in use before: 134.4 MB.
System memory in use after: 134.5 MB.

Unloading 19 unused Assets to reduce memory usage. Loaded Objects now: 1825.
Total: 1.712417 ms (FindLiveObjects: 0.157709 ms CreateObjectMapping: 0.026625 ms MarkObjects: 1.434583 ms  DeleteObjects: 0.092708 ms)

AssetImportParameters requested are different than current active one (requested -> active):
  custom:video-decoder-ogg-theora: a1e56fd34408186e4bbccfd4996cb3dc -> 
  custom:container-muxer-webm: aa71ff27fc2769a1b78a27578f13a17b -> 
  custom:container-demuxer-webm: 4f35f7cbe854078d1ac9338744f61a02 -> 
  custom:container-demuxer-ogg: 62fdf1f143b41e24485cea50d1cbac27 -> 
  custom:video-encoder-webm-vp8: eb34c28f22e8b96e1ab97ce403110664 -> 
  custom:framework-osx-AVFoundation: e770b220cccbd017edd2c1fefb359320 -> 
  custom:video-decoder-webm-vp8: 9c59270c3fd7afecdb556c50c9e8de78 -> 
  custom:audio-decoder-ogg-vorbis: bf7c407c2cedff20999df2af8eb42d56 -> 
  custom:audio-encoder-webm-vorbis: bf7c407c2cedff20999df2af8eb42d56 -> 
========================================================================
Received Import Request.
  path: Assets/SimpleJSON.cs
  artifactKey: Guid(ab5ad94a17fa34a5d9db738b1f998605) Importer(815301076,1909f56bfc062723c751e8b465ee728b)
Start importing Assets/SimpleJSON.cs using Guid(ab5ad94a17fa34a5d9db738b1f998605) Importer(815301076,1909f56bfc062723c751e8b465ee728b)  -> (artifact id: '4b16e57f063fda9abb1f5c658325756d') in 0.465900 seconds 
  Import took 0.467854 seconds .

